\BOOKMARK [1][-]{section*.4}{\376\377\000T\000r\000a\000b\000a\000j\000o\000s\000\040\000r\000e\000l\000a\000c\000i\000o\000n\000a\000d\000o\000s}{}% 1
\BOOKMARK [1][-]{section*.5}{\376\377\000I\000m\000p\000l\000e\000m\000e\000n\000t\000a\000c\000i\000\363\000n\000\040\000d\000e\000l\000\040\000s\000o\000f\000t\000w\000a\000r\000e}{}% 2
\BOOKMARK [2][-]{section*.6}{\376\377\000A\000r\000q\000u\000i\000t\000e\000c\000t\000u\000r\000a\000\040\000d\000e\000l\000\040\000s\000i\000s\000t\000e\000m\000a}{section*.5}% 3
\BOOKMARK [2][-]{section*.7}{\376\377\000F\000r\000a\000g\000m\000e\000n\000t\000o\000\040\000d\000e\000\040\000c\000\363\000d\000i\000g\000o}{section*.5}% 4
\BOOKMARK [2][-]{section*.8}{\376\377\000T\000e\000c\000n\000o\000l\000o\000g\000\355\000a\000s\000\040\000u\000t\000i\000l\000i\000z\000a\000d\000a\000s}{section*.5}% 5
\BOOKMARK [1][-]{section*.9}{\376\377\000R\000e\000s\000u\000l\000t\000a\000d\000o\000s}{}% 6
\BOOKMARK [2][-]{section*.10}{\376\377\000R\000e\000s\000u\000l\000t\000a\000d\000o\000s\000\040\000d\000e\000\040\000A\000r\000q\000u\000i\000t\000e\000c\000t\000u\000r\000a}{section*.9}% 7
\BOOKMARK [3][-]{section*.11}{\376\377\000D\000e\000s\000a\000c\000o\000p\000l\000a\000m\000i\000e\000n\000t\000o\000\040\000y\000\040\000F\000l\000e\000x\000i\000b\000i\000l\000i\000d\000a\000d\000\040\000d\000e\000\040\000P\000e\000r\000s\000i\000s\000t\000e\000n\000c\000i\000a}{section*.10}% 8
\BOOKMARK [3][-]{section*.12}{\376\377\000M\000o\000d\000u\000l\000a\000r\000i\000d\000a\000d\000\040\000y\000\040\000E\000s\000c\000a\000l\000a\000b\000i\000l\000i\000d\000a\000d}{section*.10}% 9
\BOOKMARK [2][-]{section*.13}{\376\377\000R\000e\000s\000u\000l\000t\000a\000d\000o\000s\000\040\000d\000e\000\040\000P\000a\000t\000r\000o\000n\000e\000s\000\040\000d\000e\000\040\000D\000i\000s\000e\000\361\000o}{section*.9}% 10
\BOOKMARK [3][-]{section*.14}{\376\377\000P\000a\000t\000r\000\363\000n\000\040\000R\000e\000p\000o\000s\000i\000t\000o\000r\000y\000:\000\040\000T\000e\000s\000t\000a\000b\000i\000l\000i\000d\000a\000d\000\040\000M\000e\000j\000o\000r\000a\000d\000a}{section*.13}% 11
\BOOKMARK [3][-]{section*.15}{\376\377\000P\000a\000t\000r\000\363\000n\000\040\000B\000u\000i\000l\000d\000e\000r\000:\000\040\000R\000e\000d\000u\000c\000c\000i\000\363\000n\000\040\000d\000e\000\040\000C\000o\000m\000p\000l\000e\000j\000i\000d\000a\000d}{section*.13}% 12
\BOOKMARK [3][-]{section*.16}{\376\377\000P\000a\000t\000r\000\363\000n\000\040\000O\000b\000s\000e\000r\000v\000e\000r\000\040\000c\000o\000n\000\040\000S\000i\000g\000n\000a\000l\000R\000:\000\040\000C\000o\000m\000u\000n\000i\000c\000a\000c\000i\000\363\000n\000\040\000e\000n\000\040\000T\000i\000e\000m\000p\000o\000\040\000R\000e\000a\000l}{section*.13}% 13
\BOOKMARK [2][-]{section*.17}{\376\377\000R\000e\000s\000u\000l\000t\000a\000d\000o\000s\000\040\000d\000e\000\040\000P\000r\000i\000n\000c\000i\000p\000i\000o\000s\000\040\000S\000O\000L\000I\000D}{section*.9}% 14
\BOOKMARK [3][-]{section*.18}{\376\377\000S\000i\000n\000g\000l\000e\000\040\000R\000e\000s\000p\000o\000n\000s\000i\000b\000i\000l\000i\000t\000y\000:\000\040\000M\000a\000n\000t\000e\000n\000i\000b\000i\000l\000i\000d\000a\000d}{section*.17}% 15
\BOOKMARK [3][-]{section*.19}{\376\377\000D\000e\000p\000e\000n\000d\000e\000n\000c\000y\000\040\000I\000n\000v\000e\000r\000s\000i\000o\000n\000:\000\040\000I\000n\000y\000e\000c\000c\000i\000\363\000n\000\040\000d\000e\000\040\000D\000e\000p\000e\000n\000d\000e\000n\000c\000i\000a\000s}{section*.17}% 16
\BOOKMARK [2][-]{section*.20}{\376\377\000M\000\351\000t\000r\000i\000c\000a\000s\000\040\000C\000u\000a\000n\000t\000i\000t\000a\000t\000i\000v\000a\000s}{section*.9}% 17
\BOOKMARK [2][-]{section*.21}{\376\377\000C\000o\000m\000p\000a\000r\000a\000c\000i\000\363\000n\000:\000\040\000A\000n\000t\000e\000s\000\040\000v\000s\000\040\000D\000e\000s\000p\000u\000\351\000s\000\040\000d\000e\000\040\000P\000a\000t\000r\000o\000n\000e\000s}{section*.9}% 18
\BOOKMARK [2][-]{section*.22}{\376\377\000E\000v\000o\000l\000u\000c\000i\000\363\000n\000\040\000d\000e\000\040\000E\000r\000r\000o\000r\000e\000s\000\040\000e\000n\000\040\000P\000r\000o\000d\000u\000c\000c\000i\000\363\000n}{section*.9}% 19
\BOOKMARK [2][-]{section*.23}{\376\377\000E\000v\000o\000l\000u\000c\000i\000\363\000n\000\040\000d\000e\000\040\000M\000\351\000t\000r\000i\000c\000a\000s\000\040\000d\000e\000\040\000C\000a\000l\000i\000d\000a\000d}{section*.9}% 20
\BOOKMARK [2][-]{section*.24}{\376\377\000C\000o\000m\000p\000a\000r\000a\000t\000i\000v\000a\000\040\000M\000u\000l\000t\000i\000d\000i\000m\000e\000n\000s\000i\000o\000n\000a\000l\000\040\000d\000e\000\040\000A\000r\000q\000u\000i\000t\000e\000c\000t\000u\000r\000a\000s}{section*.9}% 21
\BOOKMARK [2][-]{section*.25}{\376\377\000D\000i\000s\000t\000r\000i\000b\000u\000c\000i\000\363\000n\000\040\000d\000e\000\040\000M\000\363\000d\000u\000l\000o\000s\000\040\000y\000\040\000C\000o\000m\000p\000l\000e\000j\000i\000d\000a\000d}{section*.9}% 22
\BOOKMARK [2][-]{section*.26}{\376\377\000R\000e\000n\000d\000i\000m\000i\000e\000n\000t\000o\000\040\000y\000\040\000E\000s\000c\000a\000l\000a\000b\000i\000l\000i\000d\000a\000d}{section*.9}% 23
\BOOKMARK [2][-]{section*.27}{\376\377\000F\000r\000e\000c\000u\000e\000n\000c\000i\000a\000\040\000d\000e\000\040\000U\000s\000o\000\040\000d\000e\000\040\000P\000a\000t\000r\000o\000n\000e\000s}{section*.9}% 24
\BOOKMARK [1][-]{section*.28}{\376\377\000D\000i\000s\000c\000u\000s\000i\000\363\000n}{}% 25
\BOOKMARK [2][-]{section*.29}{\376\377\000V\000i\000g\000e\000n\000c\000i\000a\000\040\000d\000e\000\040\000l\000o\000s\000\040\000P\000a\000t\000r\000o\000n\000e\000s\000\040\000F\000u\000n\000d\000a\000m\000e\000n\000t\000a\000l\000e\000s}{section*.28}% 26
\BOOKMARK [2][-]{section*.30}{\376\377\000I\000n\000t\000e\000g\000r\000a\000c\000i\000\363\000n\000\040\000c\000o\000n\000\040\000A\000u\000t\000o\000m\000a\000t\000i\000z\000a\000c\000i\000\363\000n\000\040\000d\000e\000\040\000P\000r\000u\000e\000b\000a\000s}{section*.28}% 27
\BOOKMARK [2][-]{section*.31}{\376\377\000M\000e\000t\000o\000d\000o\000l\000o\000g\000\355\000a\000s\000\040\000\301\000g\000i\000l\000e\000s\000\040\000y\000\040\000P\000a\000t\000r\000o\000n\000e\000s\000\040\000E\000s\000t\000r\000u\000c\000t\000u\000r\000a\000d\000o\000s}{section*.28}% 28
\BOOKMARK [2][-]{section*.32}{\376\377\000L\000e\000c\000c\000i\000o\000n\000e\000s\000\040\000A\000p\000r\000e\000n\000d\000i\000d\000a\000s\000\040\000d\000e\000l\000\040\000P\000r\000o\000y\000e\000c\000t\000o}{section*.28}% 29
\BOOKMARK [3][-]{section*.33}{\376\377\000C\000u\000\341\000n\000d\000o\000\040\000a\000p\000l\000i\000c\000a\000r\000\040\000c\000a\000d\000a\000\040\000p\000a\000t\000r\000\363\000n}{section*.32}% 30
\BOOKMARK [3][-]{section*.34}{\376\377\000T\000r\000a\000d\000e\000-\000o\000f\000f\000s\000:\000\040\000C\000o\000m\000p\000l\000e\000j\000i\000d\000a\000d\000\040\000i\000n\000i\000c\000i\000a\000l\000\040\000v\000s\000\040\000M\000a\000n\000t\000e\000n\000i\000b\000i\000l\000i\000d\000a\000d}{section*.32}% 31
\BOOKMARK [3][-]{section*.35}{\376\377\000D\000e\000s\000a\000f\000\355\000o\000s\000\040\000e\000s\000p\000e\000c\000\355\000f\000i\000c\000o\000s\000\040\000e\000n\000c\000o\000n\000t\000r\000a\000d\000o\000s}{section*.32}% 32
\BOOKMARK [3][-]{section*.36}{\376\377\000N\000o\000t\000i\000f\000i\000c\000a\000c\000i\000o\000n\000e\000s\000\040\000e\000n\000\040\000t\000i\000e\000m\000p\000o\000\040\000r\000e\000a\000l\000\040\000c\000o\000n\000\040\000S\000i\000g\000n\000a\000l\000R}{section*.32}% 33
\BOOKMARK [2][-]{section*.37}{\376\377\000C\000o\000m\000p\000a\000r\000a\000c\000i\000\363\000n\000\040\000c\000o\000n\000\040\000l\000a\000\040\000L\000i\000t\000e\000r\000a\000t\000u\000r\000a}{section*.28}% 34
\BOOKMARK [2][-]{section*.38}{\376\377\000R\000e\000f\000l\000e\000x\000i\000o\000n\000e\000s\000\040\000s\000o\000b\000r\000e\000\040\000S\000O\000L\000I\000D\000\040\000e\000n\000\040\000l\000a\000\040\000P\000r\000\341\000c\000t\000i\000c\000a}{section*.28}% 35
\BOOKMARK [2][-]{section*.39}{\376\377\000L\000i\000m\000i\000t\000a\000c\000i\000o\000n\000e\000s\000\040\000d\000e\000l\000\040\000E\000s\000t\000u\000d\000i\000o}{section*.28}% 36
\BOOKMARK [2][-]{section*.40}{\376\377\000C\000a\000s\000o\000s\000\040\000d\000e\000\040\000A\000p\000l\000i\000c\000a\000c\000i\000\363\000n\000\040\000R\000e\000c\000o\000m\000e\000n\000d\000a\000d\000o\000s}{section*.28}% 37
\BOOKMARK [2][-]{section*.41}{\376\377\000I\000m\000p\000l\000i\000c\000a\000c\000i\000o\000n\000e\000s\000\040\000p\000a\000r\000a\000\040\000l\000a\000\040\000I\000n\000d\000u\000s\000t\000r\000i\000a}{section*.28}% 38
\BOOKMARK [1][-]{section*.42}{\376\377\000C\000o\000n\000c\000l\000u\000s\000i\000o\000n\000e\000s}{}% 39
\BOOKMARK [2][-]{section*.43}{\376\377\000C\000o\000n\000c\000l\000u\000s\000i\000o\000n\000e\000s\000\040\000G\000e\000n\000e\000r\000a\000l\000e\000s}{section*.42}% 40
\BOOKMARK [2][-]{section*.44}{\376\377\000C\000o\000n\000c\000l\000u\000s\000i\000o\000n\000e\000s\000\040\000E\000s\000p\000e\000c\000\355\000f\000i\000c\000a\000s\000\040\000d\000e\000l\000\040\000P\000r\000o\000y\000e\000c\000t\000o}{section*.42}% 41
\BOOKMARK [3][-]{section*.45}{\376\377\000L\000a\000\040\000a\000r\000q\000u\000i\000t\000e\000c\000t\000u\000r\000a\000\040\000N\000-\000C\000a\000p\000a\000s\000\040\000f\000a\000c\000i\000l\000i\000t\000\363\000\040\000l\000a\000\040\000e\000v\000o\000l\000u\000c\000i\000\363\000n\000\040\000d\000e\000l\000\040\000s\000i\000s\000t\000e\000m\000a}{section*.44}% 42
\BOOKMARK [3][-]{section*.46}{\376\377\000L\000o\000s\000\040\000p\000a\000t\000r\000o\000n\000e\000s\000\040\000r\000e\000d\000u\000j\000e\000r\000o\000n\000\040\000e\000l\000\040\000a\000c\000o\000p\000l\000a\000m\000i\000e\000n\000t\000o\000\040\000d\000e\000\040\000m\000a\000n\000e\000r\000a\000\040\000m\000e\000d\000i\000b\000l\000e}{section*.44}% 43
\BOOKMARK [3][-]{section*.47}{\376\377\000S\000O\000L\000I\000D\000\040\000m\000e\000j\000o\000r\000\363\000\040\000l\000a\000\040\000t\000e\000s\000t\000a\000b\000i\000l\000i\000d\000a\000d\000\040\000y\000\040\000m\000a\000n\000t\000e\000n\000i\000b\000i\000l\000i\000d\000a\000d}{section*.44}% 44
\BOOKMARK [3][-]{section*.48}{\376\377\000L\000a\000\040\000e\000s\000c\000a\000l\000a\000b\000i\000l\000i\000d\000a\000d\000\040\000s\000e\000\040\000l\000o\000g\000r\000\363\000\040\000m\000e\000d\000i\000a\000n\000t\000e\000\040\000m\000o\000d\000u\000l\000a\000r\000i\000z\000a\000c\000i\000\363\000n}{section*.44}% 45
\BOOKMARK [2][-]{section*.49}{\376\377\000R\000e\000s\000u\000l\000t\000a\000d\000o\000s\000\040\000C\000u\000a\000n\000t\000i\000f\000i\000c\000a\000b\000l\000e\000s}{section*.42}% 46
\BOOKMARK [2][-]{section*.50}{\376\377\000C\000o\000n\000t\000r\000i\000b\000u\000c\000i\000o\000n\000e\000s\000\040\000d\000e\000l\000\040\000T\000r\000a\000b\000a\000j\000o}{section*.42}% 47
\BOOKMARK [2][-]{section*.51}{\376\377\000T\000r\000a\000b\000a\000j\000o\000\040\000F\000u\000t\000u\000r\000o}{section*.42}% 48
\BOOKMARK [3][-]{section*.52}{\376\377\000M\000i\000g\000r\000a\000c\000i\000\363\000n\000\040\000a\000\040\000M\000i\000c\000r\000o\000s\000e\000r\000v\000i\000c\000i\000o\000s}{section*.51}% 49
\BOOKMARK [3][-]{section*.53}{\376\377\000I\000m\000p\000l\000e\000m\000e\000n\000t\000a\000c\000i\000\363\000n\000\040\000d\000e\000\040\000C\000Q\000R\000S}{section*.51}% 50
\BOOKMARK [3][-]{section*.54}{\376\377\000E\000v\000e\000n\000t\000\040\000S\000o\000u\000r\000c\000i\000n\000g\000\040\000p\000a\000r\000a\000\040\000A\000u\000d\000i\000t\000o\000r\000\355\000a}{section*.51}% 51
\BOOKMARK [3][-]{section*.55}{\376\377\000I\000m\000p\000l\000e\000m\000e\000n\000t\000a\000c\000i\000\363\000n\000\040\000d\000e\000\040\000G\000r\000a\000p\000h\000Q\000L}{section*.51}% 52
\BOOKMARK [3][-]{section*.56}{\376\377\000M\000a\000c\000h\000i\000n\000e\000\040\000L\000e\000a\000r\000n\000i\000n\000g\000\040\000p\000a\000r\000a\000\040\000R\000e\000c\000o\000m\000e\000n\000d\000a\000c\000i\000o\000n\000e\000s}{section*.51}% 53
\BOOKMARK [2][-]{section*.57}{\376\377\000R\000e\000c\000o\000m\000e\000n\000d\000a\000c\000i\000o\000n\000e\000s\000\040\000p\000a\000r\000a\000\040\000F\000u\000t\000u\000r\000o\000s\000\040\000P\000r\000o\000y\000e\000c\000t\000o\000s}{section*.42}% 54
\BOOKMARK [2][-]{section*.58}{\376\377\000R\000e\000f\000l\000e\000x\000i\000\363\000n\000\040\000F\000i\000n\000a\000l}{section*.42}% 55
\BOOKMARK [1][-]{section*.59}{\376\377\000R\000e\000f\000e\000r\000e\000n\000c\000i\000a\000s\000\040\000C\000o\000m\000p\000l\000e\000m\000e\000n\000t\000a\000r\000i\000a\000s}{}% 56
\BOOKMARK [2][-]{section*.60}{\376\377\000P\000r\000i\000n\000c\000i\000p\000a\000l\000e\000s\000\040\000O\000b\000r\000a\000s\000\040\000C\000o\000n\000s\000u\000l\000t\000a\000d\000a\000s}{section*.59}% 57
\BOOKMARK [2][-]{section*.61}{\376\377\000R\000e\000c\000u\000r\000s\000o\000s\000\040\000A\000d\000i\000c\000i\000o\000n\000a\000l\000e\000s}{section*.59}% 58
