\BOOKMARK [1][-]{section*.1}{\376\377\000R\000e\000s\000u\000m\000e\000n}{}% 1
\BOOKMARK [1][-]{section.1}{\376\377\0001\000\040\000T\000r\000a\000b\000a\000j\000o\000s\000\040\000r\000e\000l\000a\000c\000i\000o\000n\000a\000d\000o\000s}{}% 2
\BOOKMARK [1][-]{section.2}{\376\377\0002\000\040\000I\000m\000p\000l\000e\000m\000e\000n\000t\000a\000c\000i\000\363\000n\000\040\000d\000e\000l\000\040\000s\000o\000f\000t\000w\000a\000r\000e}{}% 3
\BOOKMARK [2][-]{subsection.2.1}{\376\377\0002\000.\0001\000\040\000A\000r\000q\000u\000i\000t\000e\000c\000t\000u\000r\000a\000\040\000d\000e\000l\000\040\000s\000i\000s\000t\000e\000m\000a}{section.2}% 4
\BOOKMARK [2][-]{subsection.2.2}{\376\377\0002\000.\0002\000\040\000F\000r\000a\000g\000m\000e\000n\000t\000o\000\040\000d\000e\000\040\000c\000\363\000d\000i\000g\000o}{section.2}% 5
\BOOKMARK [2][-]{subsection.2.3}{\376\377\0002\000.\0003\000\040\000T\000e\000c\000n\000o\000l\000o\000g\000\355\000a\000s\000\040\000u\000t\000i\000l\000i\000z\000a\000d\000a\000s}{section.2}% 6
\BOOKMARK [1][-]{section.3}{\376\377\0003\000\040\000R\000e\000s\000u\000l\000t\000a\000d\000o\000s}{}% 7
\BOOKMARK [2][-]{subsection.3.1}{\376\377\0003\000.\0001\000\040\000R\000e\000s\000u\000l\000t\000a\000d\000o\000s\000\040\000d\000e\000\040\000A\000r\000q\000u\000i\000t\000e\000c\000t\000u\000r\000a}{section.3}% 8
\BOOKMARK [2][-]{subsection.3.2}{\376\377\0003\000.\0002\000\040\000R\000e\000s\000u\000l\000t\000a\000d\000o\000s\000\040\000d\000e\000\040\000P\000a\000t\000r\000o\000n\000e\000s\000\040\000d\000e\000\040\000D\000i\000s\000e\000\361\000o}{section.3}% 9
\BOOKMARK [2][-]{subsection.3.3}{\376\377\0003\000.\0003\000\040\000R\000e\000s\000u\000l\000t\000a\000d\000o\000s\000\040\000d\000e\000\040\000P\000r\000i\000n\000c\000i\000p\000i\000o\000s\000\040\000S\000O\000L\000I\000D}{section.3}% 10
\BOOKMARK [2][-]{subsection.3.4}{\376\377\0003\000.\0004\000\040\000M\000\351\000t\000r\000i\000c\000a\000s\000\040\000C\000u\000a\000n\000t\000i\000t\000a\000t\000i\000v\000a\000s}{section.3}% 11
\BOOKMARK [2][-]{subsection.3.5}{\376\377\0003\000.\0005\000\040\000C\000o\000m\000p\000a\000r\000a\000c\000i\000\363\000n\000:\000\040\000A\000n\000t\000e\000s\000\040\000v\000s\000\040\000D\000e\000s\000p\000u\000\351\000s\000\040\000d\000e\000\040\000P\000a\000t\000r\000o\000n\000e\000s}{section.3}% 12
\BOOKMARK [2][-]{subsection.3.6}{\376\377\0003\000.\0006\000\040\000E\000v\000o\000l\000u\000c\000i\000\363\000n\000\040\000d\000e\000\040\000E\000r\000r\000o\000r\000e\000s\000\040\000e\000n\000\040\000P\000r\000o\000d\000u\000c\000c\000i\000\363\000n}{section.3}% 13
\BOOKMARK [2][-]{subsection.3.7}{\376\377\0003\000.\0007\000\040\000E\000v\000o\000l\000u\000c\000i\000\363\000n\000\040\000d\000e\000\040\000M\000\351\000t\000r\000i\000c\000a\000s\000\040\000d\000e\000\040\000C\000a\000l\000i\000d\000a\000d}{section.3}% 14
\BOOKMARK [2][-]{subsection.3.8}{\376\377\0003\000.\0008\000\040\000C\000o\000m\000p\000a\000r\000a\000t\000i\000v\000a\000\040\000M\000u\000l\000t\000i\000d\000i\000m\000e\000n\000s\000i\000o\000n\000a\000l\000\040\000d\000e\000\040\000A\000r\000q\000u\000i\000t\000e\000c\000t\000u\000r\000a\000s}{section.3}% 15
\BOOKMARK [2][-]{subsection.3.9}{\376\377\0003\000.\0009\000\040\000D\000i\000s\000t\000r\000i\000b\000u\000c\000i\000\363\000n\000\040\000d\000e\000\040\000M\000\363\000d\000u\000l\000o\000s\000\040\000y\000\040\000C\000o\000m\000p\000l\000e\000j\000i\000d\000a\000d}{section.3}% 16
\BOOKMARK [2][-]{subsection.3.10}{\376\377\0003\000.\0001\0000\000\040\000R\000e\000n\000d\000i\000m\000i\000e\000n\000t\000o\000\040\000y\000\040\000E\000s\000c\000a\000l\000a\000b\000i\000l\000i\000d\000a\000d}{section.3}% 17
\BOOKMARK [2][-]{subsection.3.11}{\376\377\0003\000.\0001\0001\000\040\000F\000r\000e\000c\000u\000e\000n\000c\000i\000a\000\040\000d\000e\000\040\000U\000s\000o\000\040\000d\000e\000\040\000P\000a\000t\000r\000o\000n\000e\000s}{section.3}% 18
\BOOKMARK [1][-]{section.4}{\376\377\0004\000\040\000D\000i\000s\000c\000u\000s\000i\000\363\000n}{}% 19
\BOOKMARK [2][-]{subsection.4.1}{\376\377\0004\000.\0001\000\040\000V\000i\000g\000e\000n\000c\000i\000a\000\040\000d\000e\000\040\000l\000o\000s\000\040\000P\000a\000t\000r\000o\000n\000e\000s\000\040\000F\000u\000n\000d\000a\000m\000e\000n\000t\000a\000l\000e\000s}{section.4}% 20
\BOOKMARK [2][-]{subsection.4.2}{\376\377\0004\000.\0002\000\040\000I\000n\000t\000e\000g\000r\000a\000c\000i\000\363\000n\000\040\000c\000o\000n\000\040\000A\000u\000t\000o\000m\000a\000t\000i\000z\000a\000c\000i\000\363\000n\000\040\000d\000e\000\040\000P\000r\000u\000e\000b\000a\000s}{section.4}% 21
\BOOKMARK [2][-]{subsection.4.3}{\376\377\0004\000.\0003\000\040\000M\000e\000t\000o\000d\000o\000l\000o\000g\000\355\000a\000s\000\040\000\301\000g\000i\000l\000e\000s\000\040\000y\000\040\000P\000a\000t\000r\000o\000n\000e\000s\000\040\000E\000s\000t\000r\000u\000c\000t\000u\000r\000a\000d\000o\000s}{section.4}% 22
\BOOKMARK [2][-]{subsection.4.4}{\376\377\0004\000.\0004\000\040\000L\000e\000c\000c\000i\000o\000n\000e\000s\000\040\000A\000p\000r\000e\000n\000d\000i\000d\000a\000s\000\040\000d\000e\000l\000\040\000P\000r\000o\000y\000e\000c\000t\000o}{section.4}% 23
\BOOKMARK [2][-]{subsection.4.5}{\376\377\0004\000.\0005\000\040\000C\000o\000m\000p\000a\000r\000a\000c\000i\000\363\000n\000\040\000c\000o\000n\000\040\000l\000a\000\040\000L\000i\000t\000e\000r\000a\000t\000u\000r\000a}{section.4}% 24
\BOOKMARK [2][-]{subsection.4.6}{\376\377\0004\000.\0006\000\040\000R\000e\000f\000l\000e\000x\000i\000o\000n\000e\000s\000\040\000s\000o\000b\000r\000e\000\040\000S\000O\000L\000I\000D\000\040\000e\000n\000\040\000l\000a\000\040\000P\000r\000\341\000c\000t\000i\000c\000a}{section.4}% 25
\BOOKMARK [2][-]{subsection.4.7}{\376\377\0004\000.\0007\000\040\000L\000i\000m\000i\000t\000a\000c\000i\000o\000n\000e\000s\000\040\000d\000e\000l\000\040\000E\000s\000t\000u\000d\000i\000o}{section.4}% 26
\BOOKMARK [2][-]{subsection.4.8}{\376\377\0004\000.\0008\000\040\000C\000a\000s\000o\000s\000\040\000d\000e\000\040\000A\000p\000l\000i\000c\000a\000c\000i\000\363\000n\000\040\000R\000e\000c\000o\000m\000e\000n\000d\000a\000d\000o\000s}{section.4}% 27
\BOOKMARK [2][-]{subsection.4.9}{\376\377\0004\000.\0009\000\040\000I\000m\000p\000l\000i\000c\000a\000c\000i\000o\000n\000e\000s\000\040\000p\000a\000r\000a\000\040\000l\000a\000\040\000I\000n\000d\000u\000s\000t\000r\000i\000a}{section.4}% 28
\BOOKMARK [1][-]{section.5}{\376\377\0005\000\040\000C\000o\000n\000c\000l\000u\000s\000i\000o\000n\000e\000s}{}% 29
\BOOKMARK [2][-]{subsection.5.1}{\376\377\0005\000.\0001\000\040\000C\000o\000n\000c\000l\000u\000s\000i\000o\000n\000e\000s\000\040\000G\000e\000n\000e\000r\000a\000l\000e\000s}{section.5}% 30
\BOOKMARK [2][-]{subsection.5.2}{\376\377\0005\000.\0002\000\040\000C\000o\000n\000c\000l\000u\000s\000i\000o\000n\000e\000s\000\040\000E\000s\000p\000e\000c\000\355\000f\000i\000c\000a\000s\000\040\000d\000e\000l\000\040\000P\000r\000o\000y\000e\000c\000t\000o}{section.5}% 31
\BOOKMARK [2][-]{subsection.5.3}{\376\377\0005\000.\0003\000\040\000R\000e\000s\000u\000l\000t\000a\000d\000o\000s\000\040\000C\000u\000a\000n\000t\000i\000f\000i\000c\000a\000b\000l\000e\000s}{section.5}% 32
\BOOKMARK [2][-]{subsection.5.4}{\376\377\0005\000.\0004\000\040\000C\000o\000n\000t\000r\000i\000b\000u\000c\000i\000o\000n\000e\000s\000\040\000d\000e\000l\000\040\000T\000r\000a\000b\000a\000j\000o}{section.5}% 33
\BOOKMARK [2][-]{subsection.5.5}{\376\377\0005\000.\0005\000\040\000T\000r\000a\000b\000a\000j\000o\000\040\000F\000u\000t\000u\000r\000o}{section.5}% 34
\BOOKMARK [2][-]{subsection.5.6}{\376\377\0005\000.\0006\000\040\000R\000e\000c\000o\000m\000e\000n\000d\000a\000c\000i\000o\000n\000e\000s\000\040\000p\000a\000r\000a\000\040\000F\000u\000t\000u\000r\000o\000s\000\040\000P\000r\000o\000y\000e\000c\000t\000o\000s}{section.5}% 35
\BOOKMARK [2][-]{subsection.5.7}{\376\377\0005\000.\0007\000\040\000R\000e\000f\000l\000e\000x\000i\000\363\000n\000\040\000F\000i\000n\000a\000l}{section.5}% 36
\BOOKMARK [1][-]{section.6}{\376\377\0006\000\040\000R\000e\000f\000e\000r\000e\000n\000c\000i\000a\000s\000\040\000C\000o\000m\000p\000l\000e\000m\000e\000n\000t\000a\000r\000i\000a\000s}{}% 37
\BOOKMARK [2][-]{subsection.6.1}{\376\377\0006\000.\0001\000\040\000P\000r\000i\000n\000c\000i\000p\000a\000l\000e\000s\000\040\000O\000b\000r\000a\000s\000\040\000C\000o\000n\000s\000u\000l\000t\000a\000d\000a\000s}{section.6}% 38
\BOOKMARK [2][-]{subsection.6.2}{\376\377\0006\000.\0002\000\040\000R\000e\000c\000u\000r\000s\000o\000s\000\040\000A\000d\000i\000c\000i\000o\000n\000a\000l\000e\000s}{section.6}% 39
